Using pre-set license
Built from '2021.1/staging' branch; Version is '2021.1.18f1 (25bdc3efbc2d) revision 2473411'; Using compiler version '192528614'; Build Type 'Release'
OS: 'Windows 10 Pro; OS build 19043.1165; Version 2009; 64bit' Language: 'zh' Physical Memory: 16085 MB
BatchMode: 1, IsHumanControllingUs: 0, StartBugReporterOnCrash: 0, Is64bit: 1, IsPro: 0

COMMAND LINE ARGUMENTS:
C:\Program Files\Unity\Hub\Editor\2021.1.18f1\Editor\Unity.exe
-adb2
-batchMode
-noUpm
-name
AssetImportWorker0
-projectPath
C:/Users/Huris/Desktop/Huris/sEMG_Rehabilitation/sEMG_Doctor_ML_shot
-logFile
Logs/AssetImportWorker0.log
-srvPort
12316
Successfully changed project path to: C:/Users/Huris/Desktop/Huris/sEMG_Rehabilitation/sEMG_Doctor_ML_shot
C:/Users/Huris/Desktop/Huris/sEMG_Rehabilitation/sEMG_Doctor_ML_shot
Using Asset Import Pipeline V2.
Refreshing native plugins compatible for Editor in 24.28 ms, found 3 plugins.
Preloading 0 native plugins for Editor in 0.00 ms.
Initialize engine version: 2021.1.18f1 (25bdc3efbc2d)
[Subsystems] Discovering subsystems at path C:/Program Files/Unity/Hub/Editor/2021.1.18f1/Editor/Data/Resources/UnitySubsystems
[Subsystems] Discovering subsystems at path C:/Users/Huris/Desktop/Huris/sEMG_Rehabilitation/sEMG_Doctor_ML_shot/Assets
GfxDevice: creating device client; threaded=0; jobified=0
Direct3D:
    Version:  Direct3D 11.0 [level 11.1]
    Renderer: NVIDIA GeForce RTX 3070 Laptop GPU (ID=0x249d)
    Vendor:   NVIDIA
    VRAM:     8044 MB
    Driver:   30.0.15.1215
Initialize mono
Mono path[0] = 'C:/Program Files/Unity/Hub/Editor/2021.1.18f1/Editor/Data/Managed'
Mono path[1] = 'C:/Program Files/Unity/Hub/Editor/2021.1.18f1/Editor/Data/MonoBleedingEdge/lib/mono/unityjit'
Mono config path = 'C:/Program Files/Unity/Hub/Editor/2021.1.18f1/Editor/Data/MonoBleedingEdge/etc'
Using monoOptions --debugger-agent=transport=dt_socket,embedding=1,server=y,suspend=n,address=127.0.0.1:56124
Begin MonoManager ReloadAssembly
Registering precompiled unity dll's ...
Register platform support module: C:/Program Files/Unity/Hub/Editor/2021.1.18f1/Editor/Data/PlaybackEngines/WebGLSupport/UnityEditor.WebGL.Extensions.dll
Register platform support module: C:/Program Files/Unity/Hub/Editor/2021.1.18f1/Editor/Data/PlaybackEngines/WindowsStandaloneSupport/UnityEditor.WindowsStandalone.Extensions.dll
Register platform support module: C:/Program Files/Unity/Hub/Editor/2021.1.18f1/Editor/Data/PlaybackEngines/LinuxStandaloneSupport/UnityEditor.LinuxStandalone.Extensions.dll
Registered in 0.001533 seconds.
Native extension for LinuxStandalone target not found
Native extension for WindowsStandalone target not found
Native extension for WebGL target not found
Refreshing native plugins compatible for Editor in 22.38 ms, found 3 plugins.
Preloading 0 native plugins for Editor in 0.00 ms.
Mono: successfully reloaded assembly
- Completed reload, in  0.798 seconds
Domain Reload Profiling:
	ReloadAssembly (798ms)
		BeginReloadAssembly (39ms)
			ExecutionOrderSort (0ms)
			DisableScriptedObjects (0ms)
			BackupInstance (0ms)
			ReleaseScriptingObjects (0ms)
			CreateAndSetChildDomain (0ms)
		EndReloadAssembly (263ms)
			LoadAssemblies (38ms)
			RebuildTransferFunctionScriptingTraits (0ms)
			SetupTypeCache (105ms)
			ReleaseScriptCaches (0ms)
			RebuildScriptCaches (18ms)
			SetupLoadedEditorAssemblies (109ms)
				LogAssemblyErrors (0ms)
				InitializePlatformSupportModulesInManaged (6ms)
				SetLoadedEditorAssemblies (0ms)
				RefreshPlugins (22ms)
				BeforeProcessingInitializeOnLoad (1ms)
				ProcessInitializeOnLoadAttributes (62ms)
				ProcessInitializeOnLoadMethodAttributes (18ms)
				AfterProcessingInitializeOnLoad (0ms)
				EditorAssembliesLoaded (0ms)
			ExecutionOrderSort2 (0ms)
			AwakeInstancesAfterBackupRestoration (0ms)
Platform modules already initialized, skipping
Registering precompiled user dll's ...
Registered in 0.004134 seconds.
Begin MonoManager ReloadAssembly
Native extension for LinuxStandalone target not found
Native extension for WindowsStandalone target not found
Native extension for WebGL target not found
Refreshing native plugins compatible for Editor in 0.33 ms, found 3 plugins.
Preloading 0 native plugins for Editor in 0.00 ms.
Mono: successfully reloaded assembly
- Completed reload, in  0.696 seconds
Domain Reload Profiling:
	ReloadAssembly (697ms)
		BeginReloadAssembly (102ms)
			ExecutionOrderSort (0ms)
			DisableScriptedObjects (3ms)
			BackupInstance (0ms)
			ReleaseScriptingObjects (0ms)
			CreateAndSetChildDomain (15ms)
		EndReloadAssembly (552ms)
			LoadAssemblies (63ms)
			RebuildTransferFunctionScriptingTraits (0ms)
			SetupTypeCache (181ms)
			ReleaseScriptCaches (0ms)
			RebuildScriptCaches (28ms)
			SetupLoadedEditorAssemblies (225ms)
				LogAssemblyErrors (0ms)
				InitializePlatformSupportModulesInManaged (5ms)
				SetLoadedEditorAssemblies (0ms)
				RefreshPlugins (0ms)
				BeforeProcessingInitializeOnLoad (30ms)
				ProcessInitializeOnLoadAttributes (183ms)
				ProcessInitializeOnLoadMethodAttributes (3ms)
				AfterProcessingInitializeOnLoad (3ms)
				EditorAssembliesLoaded (0ms)
			ExecutionOrderSort2 (0ms)
			AwakeInstancesAfterBackupRestoration (4ms)
Platform modules already initialized, skipping
========================================================================
Worker process is ready to serve import requests
Launched and connected shader compiler UnityShaderCompiler.exe after 0.03 seconds
Refreshing native plugins compatible for Editor in 0.33 ms, found 3 plugins.
Preloading 0 native plugins for Editor in 0.00 ms.
Unloading 1445 Unused Serialized files (Serialized files now loaded: 0)
System memory in use before: 70.3 MB.
System memory in use after: 70.4 MB.

Unloading 30 unused Assets to reduce memory usage. Loaded Objects now: 1895.
Total: 2.233700 ms (FindLiveObjects: 0.090700 ms CreateObjectMapping: 0.023500 ms MarkObjects: 2.060200 ms  DeleteObjects: 0.058400 ms)

AssetImportParameters requested are different than current active one (requested -> active):
  custom:framework-win-MediaFoundation: 216162199b28c13a410421893ffa2e32 -> 
  custom:video-decoder-ogg-theora: a1e56fd34408186e4bbccfd4996cb3dc -> 
  custom:container-muxer-webm: aa71ff27fc2769a1b78a27578f13a17b -> 
  custom:container-demuxer-webm: 4f35f7cbe854078d1ac9338744f61a02 -> 
  custom:container-demuxer-ogg: 62fdf1f143b41e24485cea50d1cbac27 -> 
  custom:video-encoder-webm-vp8: eb34c28f22e8b96e1ab97ce403110664 -> 
  custom:video-decoder-webm-vp8: 9c59270c3fd7afecdb556c50c9e8de78 -> 
  custom:audio-decoder-ogg-vorbis: bf7c407c2cedff20999df2af8eb42d56 -> 
  custom:audio-encoder-webm-vorbis: bf7c407c2cedff20999df2af8eb42d56 -> 
========================================================================
Received Import Request.
  path: Assets/shot
  artifactKey: Guid(48f27170a6a20e643b0515fbd9c1011a) Importer(815301076,1909f56bfc062723c751e8b465ee728b)
Start importing Assets/shot using Guid(48f27170a6a20e643b0515fbd9c1011a) Importer(815301076,1909f56bfc062723c751e8b465ee728b)  -> (artifact id: '550f423d54a1aa4fddc8f1772ede7353') in 0.003042 seconds 
========================================================================
Received Import Request.
  Time since last request: 1.542945 seconds.
  path: Assets/shot/shotNormal.jpg
  artifactKey: Guid(e590e52982215f34190f16c31ef263f8) Importer(815301076,1909f56bfc062723c751e8b465ee728b)
Start importing Assets/shot/shotNormal.jpg using Guid(e590e52982215f34190f16c31ef263f8) Importer(815301076,1909f56bfc062723c751e8b465ee728b)  -> (artifact id: '2d8f2513a35f777836e72add4587ae47') in 0.093142 seconds 
========================================================================
Received Import Request.
  Time since last request: 3.846435 seconds.
  path: Assets/shot/shotTexture.jpg
  artifactKey: Guid(def7201161f01fc47be2404e216721b4) Importer(815301076,1909f56bfc062723c751e8b465ee728b)
Start importing Assets/shot/shotTexture.jpg using Guid(def7201161f01fc47be2404e216721b4) Importer(815301076,1909f56bfc062723c751e8b465ee728b)  -> (artifact id: 'eeeae5eaf82f1d7b285f32aa1858cd2d') in 0.013548 seconds 
========================================================================
Received Import Request.
  Time since last request: 177.853672 seconds.
  path: Assets/soccer/Diffuse_Normal.png
  artifactKey: Guid(a1bbba2a5a9edd449b55570979ac1089) Importer(815301076,1909f56bfc062723c751e8b465ee728b)
Start importing Assets/soccer/Diffuse_Normal.png using Guid(a1bbba2a5a9edd449b55570979ac1089) Importer(815301076,1909f56bfc062723c751e8b465ee728b)  -> (artifact id: '2f996d9fdcfda5c3ad97f5c2b9fa2459') in 0.035518 seconds 
========================================================================
Received Import Request.
  Time since last request: 104.039617 seconds.
  path: Assets/MainScene.unity
  artifactKey: Guid(8cf4f59bc2d8f2e40a6bdce4ab30a465) Importer(815301076,1909f56bfc062723c751e8b465ee728b)
Start importing Assets/MainScene.unity using Guid(8cf4f59bc2d8f2e40a6bdce4ab30a465) Importer(815301076,1909f56bfc062723c751e8b465ee728b)  -> (artifact id: '327841c7ce5237c7610b2eb23dee0fc7') in 0.002058 seconds 
========================================================================
Received Import Request.
  Time since last request: 864.217367 seconds.
  path: Assets/shot/shotNormal.jpg
  artifactKey: Guid(e590e52982215f34190f16c31ef263f8) Importer(815301076,1909f56bfc062723c751e8b465ee728b)
Start importing Assets/shot/shotNormal.jpg using Guid(e590e52982215f34190f16c31ef263f8) Importer(815301076,1909f56bfc062723c751e8b465ee728b)  -> (artifact id: '30a0bdf3c516a88b6f0fb79868e83a00') in 0.013971 seconds 
========================================================================
Received Import Request.
  Time since last request: 0.000162 seconds.
  path: Assets/shot/shotOcclusion.jpg
  artifactKey: Guid(c876f3f20d33c8646a0d2e125f70e9a0) Importer(815301076,1909f56bfc062723c751e8b465ee728b)
Start importing Assets/shot/shotOcclusion.jpg using Guid(c876f3f20d33c8646a0d2e125f70e9a0) Importer(815301076,1909f56bfc062723c751e8b465ee728b)  -> (artifact id: 'cb1125332c7c9d8d00d5b3a6013e843d') in 0.006278 seconds 
========================================================================
Received Import Request.
  Time since last request: 0.000149 seconds.
  path: Assets/shot/shotspecular.jpg
  artifactKey: Guid(05907480178b94349bf3981f8cfb8c73) Importer(815301076,1909f56bfc062723c751e8b465ee728b)
Start importing Assets/shot/shotspecular.jpg using Guid(05907480178b94349bf3981f8cfb8c73) Importer(815301076,1909f56bfc062723c751e8b465ee728b)  -> (artifact id: 'b3f29f5d207947b59757a62747f69d1b') in 0.005665 seconds 
========================================================================
Received Import Request.
  Time since last request: 0.000131 seconds.
  path: Assets/shot/shotTexture.jpg
  artifactKey: Guid(def7201161f01fc47be2404e216721b4) Importer(815301076,1909f56bfc062723c751e8b465ee728b)
Start importing Assets/shot/shotTexture.jpg using Guid(def7201161f01fc47be2404e216721b4) Importer(815301076,1909f56bfc062723c751e8b465ee728b)  -> (artifact id: 'bdb809f28f8fdf583e62fa55dbd96b99') in 0.008114 seconds 
========================================================================
Received Import Request.
  Time since last request: 2.636875 seconds.
  path: Assets/shot/shotHeightMap.jpg
  artifactKey: Guid(79bd2d20ae1aab04b9ab2171fe88de0d) Importer(815301076,1909f56bfc062723c751e8b465ee728b)
Start importing Assets/shot/shotHeightMap.jpg using Guid(79bd2d20ae1aab04b9ab2171fe88de0d) Importer(815301076,1909f56bfc062723c751e8b465ee728b)  -> (artifact id: '09c5d523adb587f60728f017ef97442e') in 0.005321 seconds 
AssetImportWorkerClient::OnTransportError - code=2 error=End of file
